  [1m[36m (1.4ms)[0m  [1mCREATE TABLE "schema_migrations" ("version" varchar NOT NULL) [0m
  [1m[35m (0.1ms)[0m  select sqlite_version(*)
  [1m[36m (1.1ms)[0m  [1mCREATE UNIQUE INDEX "unique_schema_migrations" ON "schema_migrations" ("version")[0m
  [1m[35mActiveRecord::SchemaMigration Load (0.1ms)[0m  SELECT "schema_migrations".* FROM "schema_migrations"


Started GET "/" for ::1 at 2015-11-16 16:12:00 -0600
Processing by Rails::WelcomeController#index as HTML
  Rendered /Users/admin/.rvm/gems/ruby-2.1.2/gems/railties-4.2.3/lib/rails/templates/rails/welcome/index.html.erb (1.9ms)
Completed 200 OK in 48ms (Views: 36.7ms | ActiveRecord: 0.0ms)


Started GET "/" for ::1 at 2018-12-14 15:59:36 -0600
Processing by Rails::WelcomeController#index as HTML
  Rendered /Users/flatironschool/.rvm/gems/ruby-2.3.3/gems/railties-4.2.11/lib/rails/templates/rails/welcome/index.html.erb (4.0ms)
Completed 200 OK in 51ms (Views: 31.4ms | ActiveRecord: 0.0ms)


Started GET "/hello_world" for ::1 at 2018-12-14 15:59:46 -0600
Processing by StaticController#hello_world as HTML
Completed 500 Internal Server Error in 21ms (ActiveRecord: 0.0ms)

ActionView::MissingTemplate (Missing template static/hello_world, application/hello_world with {:locale=>[:en], :formats=>[:html], :variants=>[], :handlers=>[:erb, :builder, :raw, :ruby, :coffee, :jbuilder]}. Searched in:
  * "/Users/flatironschool/Development/RAILS/rails-hello-world-lab-houston-web-111918/app/views"
):
  app/controllers/static_controller.rb:4:in `hello_world'


  Rendered /Users/flatironschool/.rvm/gems/ruby-2.3.3/gems/actionpack-4.2.11/lib/action_dispatch/middleware/templates/rescues/_source.erb (11.4ms)
  Rendered /Users/flatironschool/.rvm/gems/ruby-2.3.3/gems/actionpack-4.2.11/lib/action_dispatch/middleware/templates/rescues/_trace.html.erb (4.1ms)
  Rendered /Users/flatironschool/.rvm/gems/ruby-2.3.3/gems/actionpack-4.2.11/lib/action_dispatch/middleware/templates/rescues/_request_and_response.html.erb (1.3ms)
  Rendered /Users/flatironschool/.rvm/gems/ruby-2.3.3/gems/actionpack-4.2.11/lib/action_dispatch/middleware/templates/rescues/missing_template.html.erb within rescues/layout (180.2ms)


Started GET "/hello_world" for ::1 at 2018-12-14 16:00:22 -0600
Processing by StaticController#hello_world as HTML
  Rendered static/hello_world.html.erb within layouts/application (0.5ms)
Completed 200 OK in 931ms (Views: 930.3ms | ActiveRecord: 0.0ms)


Started GET "/assets/application.self-e80e8f2318043e8af94dddc2adad5a4f09739a8ebb323b3ab31cd71d45fd9113.css?body=1" for ::1 at 2018-12-14 16:00:23 -0600


Started GET "/assets/jquery.self-bd7ddd393353a8d2480a622e80342adf488fb6006d667e8b42e4c0073393abee.js?body=1" for ::1 at 2018-12-14 16:00:23 -0600


Started GET "/assets/jquery_ujs.self-784a997f6726036b1993eb2217c9cb558e1cbb801c6da88105588c56f13b466a.js?body=1" for ::1 at 2018-12-14 16:00:23 -0600


Started GET "/assets/turbolinks.self-569ee74eaa15c1e2019317ff770b8769b1ec033a0f572a485f64c82ddc8f989e.js?body=1" for ::1 at 2018-12-14 16:00:23 -0600


Started GET "/assets/application.self-3b8dabdc891efe46b9a144b400ad69e37d7e5876bdc39dee783419a69d7ca819.js?body=1" for ::1 at 2018-12-14 16:00:23 -0600
